2025-06-25 14:34:14 -0600: [DEBUG]: vagrant nsidc up --env=dev
2025-06-25 14:34:14 -0600: [DEBUG]: Initial config - argv: []
2025-06-25 14:34:14 -0600: [DEBUG]: Initial config - use_machine: true
2025-06-25 14:34:14 -0600: [DEBUG]: Initial config - env: #<Vagrant::Environment:0x000000010bc11ea0>
2025-06-25 14:34:14 -0600: [DEBUG]: Initial config - color: green
2025-06-25 14:34:14 -0600: [DEBUG]: Initial config - environment: dev
2025-06-25 14:34:14 -0600: [DEBUG]: Cfg::VagrantNsidcYaml: project yaml_file = /Users/collinsj/workspace/granule-metgen/vagrant-nsidc.yaml
2025-06-25 14:34:14 -0600: [DEBUG]: Updated config - @vagrant_nsidc_yaml: #<VagrantPlugins::NSIDC::Cfg::VagrantNsidcYaml:0x000000010efb9140>
2025-06-25 14:34:14 -0600: [DEBUG]: Updated config - machine_name: dev-collinsj
2025-06-25 14:34:14 -0600: [DEBUG]: Updated config - app_env: dev
2025-06-25 14:34:14 -0600: [DEBUG]: Updated config - remaining args: []
2025-06-25 14:34:14 -0600: [DEBUG]: Updated config - domain: dev.int.nsidc.org
2025-06-25 14:34:14 -0600: [DEBUG]: Updated config - remaining args: []
2025-06-25 14:34:14 -0600: [DEBUG]: Updated config - project_name: metgenc
2025-06-25 14:34:14 -0600: [DEBUG]: Updated config - remaining args: []
2025-06-25 14:34:14 -0600: [DEBUG]: Updated config - project_fqdn: dev.metgenc.collinsj.dev.int.nsidc.org
2025-06-25 14:34:14 -0600: [DEBUG]: Cfg::VagrantNsidcYaml: project yaml_file = /Users/collinsj/workspace/granule-metgen/vagrant-nsidc.yaml
2025-06-25 14:34:17 -0600: [DEBUG]: LOOKING FOR /zones/dev.int.nsidc.org/domains/dev.metgenc.collinsj.dev.int.nsidc.org/cname on vadr.apps.int.nsidc.org
2025-06-25 14:34:18 -0600: [DEBUG]: Got response from Vadr: (404) {"zone":"dev.int.nsidc.org","ttl":null,"fqdn":"dev.metgenc.collinsj.dev.int.nsidc.org","record_type":"CNAME","rdata":{},"record_id":null,"error":"No CNAME records for dev.metgenc.collinsj.dev.int.nsidc.org found in zone dev.int.nsidc.org"}
2025-06-25 14:34:18 -0600: [DEBUG]: DEBUG
2025-06-25 14:34:18 -0600: [INFO]: The requested path /zones/dev.int.nsidc.org/domains/dev.metgenc.collinsj.dev.int.nsidc.org/cname was not found
2025-06-25 14:34:18 -0600: [INFO]: No CNAME for dev.metgenc.collinsj.dev.int.nsidc.org
2025-06-25 14:34:18 -0600: [DEBUG]: Updated config - prod_fqdn: metgenc.collinsj.dev.int.nsidc.org
2025-06-25 14:34:21 -0600: [DEBUG]: LOOKING FOR /zones/dev.int.nsidc.org/domains/metgenc.collinsj.dev.int.nsidc.org/cname on vadr.apps.int.nsidc.org
2025-06-25 14:34:22 -0600: [DEBUG]: Got response from Vadr: (404) {"zone":"dev.int.nsidc.org","ttl":null,"fqdn":"metgenc.collinsj.dev.int.nsidc.org","record_type":"CNAME","rdata":{},"record_id":null,"error":"No CNAME records for metgenc.collinsj.dev.int.nsidc.org found in zone dev.int.nsidc.org"}
2025-06-25 14:34:22 -0600: [DEBUG]: DEBUG
2025-06-25 14:34:22 -0600: [INFO]: The requested path /zones/dev.int.nsidc.org/domains/metgenc.collinsj.dev.int.nsidc.org/cname was not found
2025-06-25 14:34:22 -0600: [INFO]: No CNAME for metgenc.collinsj.dev.int.nsidc.org
2025-06-25 14:34:22 -0600: [DEBUG]: Updated config - provider: vsphere
2025-06-25 14:34:22 -0600: [DEBUG]: Updated config - remaining args: []
2025-06-25 14:34:22 -0600: [DEBUG]: Updated config - local uuid: 
2025-06-25 14:34:22 -0600: [DEBUG]: Updated config - prod uuid: 
2025-06-25 14:34:22 -0600: [DEBUG]: Updated config - dynect uuid: 
2025-06-25 14:34:23 -0600: [DEBUG]: Updated config - saved state (machine.file_path): /Users/collinsj/workspace/granule-metgen/.vagrant/machines/dev-collinsj/vsphere-nsidc/nsidc-machine.yaml
2025-06-25 14:34:23 -0600: [DEBUG]: Updated config - vagrant data dir: /Users/collinsj/workspace/granule-metgen/.vagrant/machines/dev-collinsj/vsphere
2025-06-25 14:34:23 -0600: [DEBUG]: In subcommand.rb, argv==[]
2025-06-25 14:34:23 -0600: [DEBUG]: In subcommand.rb, app_env==dev
2025-06-25 14:34:23 -0600: [DEBUG]: In subcommand.rb, machine name==dev-collinsj
2025-06-25 14:34:23 -0600: [DEBUG]: In subcommand.rb, provider==vsphere
2025-06-25 14:34:23 -0600: [DEBUG]: Writing flat file state: {:env=>"dev", :project_name=>"metgenc"} to /Users/collinsj/workspace/granule-metgen/.vagrant/machines/dev-collinsj/vsphere-nsidc/nsidc-machine.yaml
2025-06-25 14:34:23 -0600: [INFO]: Checking if hostname dev.metgenc.collinsj.dev.int.nsidc.org is reserved...
2025-06-25 14:34:23 -0600: [DEBUG]: LOOKING FOR /zones/dev.int.nsidc.org/domains/dev.metgenc.collinsj.dev.int.nsidc.org/cname on vadr.apps.int.nsidc.org
2025-06-25 14:34:23 -0600: [DEBUG]: Got response from Vadr: (404) {"zone":"dev.int.nsidc.org","ttl":null,"fqdn":"dev.metgenc.collinsj.dev.int.nsidc.org","record_type":"CNAME","rdata":{},"record_id":null,"error":"No CNAME records for dev.metgenc.collinsj.dev.int.nsidc.org found in zone dev.int.nsidc.org"}
2025-06-25 14:34:23 -0600: [DEBUG]: DEBUG
2025-06-25 14:34:23 -0600: [INFO]: The requested path /zones/dev.int.nsidc.org/domains/dev.metgenc.collinsj.dev.int.nsidc.org/cname was not found
2025-06-25 14:34:23 -0600: [INFO]: Reserving hostname for metgenc in dev.int.nsidc.org.
2025-06-25 14:34:26 -0600: [DEBUG]: LOOKING FOR /zones/dev.int.nsidc.org/domains/dev.metgenc.collinsj.dev.int.nsidc.org/cname on vadr.apps.int.nsidc.org
2025-06-25 14:34:27 -0600: [DEBUG]: Got response from Vadr: (404) {"zone":"dev.int.nsidc.org","ttl":null,"fqdn":"dev.metgenc.collinsj.dev.int.nsidc.org","record_type":"CNAME","rdata":{},"record_id":null,"error":"No CNAME records for dev.metgenc.collinsj.dev.int.nsidc.org found in zone dev.int.nsidc.org"}
2025-06-25 14:34:27 -0600: [DEBUG]: DEBUG
2025-06-25 14:34:27 -0600: [INFO]: The requested path /zones/dev.int.nsidc.org/domains/dev.metgenc.collinsj.dev.int.nsidc.org/cname was not found
2025-06-25 14:34:27 -0600: [INFO]: No CNAME for dev.metgenc.collinsj.dev.int.nsidc.org
2025-06-25 14:34:27 -0600: [DEBUG]: LOOKING FOR /zones/dev.int.nsidc.org/domains/vmslushypiste.dev.int.nsidc.org/a on vadr.apps.int.nsidc.org
2025-06-25 14:34:27 -0600: [DEBUG]: Got response from Vadr: (200) {"zone":"dev.int.nsidc.org","ttl":21600,"fqdn":"vmslushypiste.dev.int.nsidc.org","record_type":"A","rdata":{"address":"172.18.243.229"},"record_id":"99ee27a4c8f47589135d738ce23b1df9"}
2025-06-25 14:34:27 -0600: [DEBUG]: Writing flat file state: {:env=>"dev", :project_name=>"metgenc", :hostname=>"vmslushypiste.dev.int.nsidc.org", :vmname=>"collinsj-metgenc-dev-default", :domain=>"dev.int.nsidc.org", :ip=>"172.18.243.229", :uuid=>nil, :netmask=>{"172.18.22"=>"255.255.254.0", "172.18.2[4,5]"=>"255.255.248.0"}, :gateway=>{"172.18.22"=>"172.18.225.1", "172.18.2[4,5]"=>"172.18.240.1"}, :dns_search=>["dev.int.nsidc.org", "apps.int.nsidc.org", "labs.nsidc.org", "apps.nsidc.org", "nsidc.org", "colorado.edu"], :dns_servers=>["128.138.129.76", "128.138.240.1", "128.138.130.30"]} to /Users/collinsj/workspace/granule-metgen/.vagrant/machines/dev-collinsj/vsphere-nsidc/nsidc-machine.yaml
2025-06-25 14:34:27 -0600: [INFO]: 
            Creating new CNAME record for dev.metgenc.collinsj.dev.int.nsidc.org in dev.int.nsidc.org,
            pointing to vmslushypiste.dev.int.nsidc.org..."
          
2025-06-25 14:34:30 -0600: [DEBUG]: LOOKING FOR /zones/dev.int.nsidc.org/domains/dev.metgenc.collinsj.dev.int.nsidc.org/cname on vadr.apps.int.nsidc.org
2025-06-25 14:34:31 -0600: [DEBUG]: Got response from Vadr: (404) {"zone":"dev.int.nsidc.org","ttl":null,"fqdn":"dev.metgenc.collinsj.dev.int.nsidc.org","record_type":"CNAME","rdata":{},"record_id":null,"error":"No CNAME records for dev.metgenc.collinsj.dev.int.nsidc.org found in zone dev.int.nsidc.org"}
2025-06-25 14:34:31 -0600: [DEBUG]: DEBUG
2025-06-25 14:34:31 -0600: [INFO]: The requested path /zones/dev.int.nsidc.org/domains/dev.metgenc.collinsj.dev.int.nsidc.org/cname was not found
2025-06-25 14:34:31 -0600: [INFO]: No CNAME for dev.metgenc.collinsj.dev.int.nsidc.org
2025-06-25 14:34:31 -0600: [INFO]: Calling PUT for /zones/dev.int.nsidc.org/domains/dev.metgenc.collinsj.dev.int.nsidc.org/cname/vmslushypiste.dev.int.nsidc.org on vadr.apps.int.nsidc.org
2025-06-25 14:35:42 -0600: [INFO]: Updating network settings...
2025-06-25 14:35:42 -0600: [DEBUG]: Writing flat file state: {:env=>"dev", :project_name=>"metgenc", :hostname=>"vmslushypiste.dev.int.nsidc.org", :vmname=>"collinsj-metgenc-dev-default", :domain=>"dev.int.nsidc.org", :ip=>"172.18.243.229", :uuid=>nil, :netmask=>"255.255.248.0", :gateway=>"172.18.240.1", :dns_search=>["dev.int.nsidc.org", "apps.int.nsidc.org", "labs.nsidc.org", "apps.nsidc.org", "nsidc.org", "colorado.edu"], :dns_servers=>["128.138.129.76", "128.138.240.1", "128.138.130.30"]} to /Users/collinsj/workspace/granule-metgen/.vagrant/machines/dev-collinsj/vsphere-nsidc/nsidc-machine.yaml
2025-06-25 14:35:43 -0600: [DEBUG]: Executing capability VagrantPlugins::NSIDC::Cap::Ubuntu::Network.
2025-06-25 14:35:43 -0600: [DEBUG]: 
            Machine thinks its hostname is noble64,
            actual hostname is vmslushypiste.dev.int.nsidc.org.
          
2025-06-25 14:35:45 -0600: [INFO]: Waiting awhile for vsphere to get the updated network settings...
2025-06-25 14:36:15 -0600: [INFO]: Attempting machine communication to see if it's ready yet...
2025-06-25 14:36:15 -0600: [DEBUG]: 
              Machine wasn't ready for communication yet, Vagrant::Errors::ConfigInvalid: There are errors in the configuration of this machine. Please fix
the following errors and try again:

vm:
* The host path of the shared folder is missing: /Users/collinsj/workspace/granule-metgen/puppet/environments


            
2025-06-25 14:36:15 -0600: [INFO]: Waiting awhile for vsphere to get the updated network settings...
2025-06-25 14:36:45 -0600: [INFO]: Attempting machine communication to see if it's ready yet...
2025-06-25 14:36:45 -0600: [DEBUG]: 
              Machine wasn't ready for communication yet, Vagrant::Errors::ConfigInvalid: There are errors in the configuration of this machine. Please fix
the following errors and try again:

vm:
* The host path of the shared folder is missing: /Users/collinsj/workspace/granule-metgen/puppet/environments


            
2025-06-25 14:36:45 -0600: [INFO]: Waiting awhile for vsphere to get the updated network settings...
2025-06-25 14:37:15 -0600: [INFO]: Attempting machine communication to see if it's ready yet...
2025-06-25 14:37:15 -0600: [DEBUG]: 
              Machine wasn't ready for communication yet, Vagrant::Errors::ConfigInvalid: There are errors in the configuration of this machine. Please fix
the following errors and try again:

vm:
* The host path of the shared folder is missing: /Users/collinsj/workspace/granule-metgen/puppet/environments


            
2025-06-25 14:37:15 -0600: [INFO]: There was an exception during native_execute: There are errors in the configuration of this machine. Please fix
the following errors and try again:

vm:
* The host path of the shared folder is missing: /Users/collinsj/workspace/granule-metgen/puppet/environments

2025-06-25 14:37:15 -0600: [DEBUG]: Tried to remove yaml state while vagrant id file exists.
2025-06-25 14:37:15 -0600: [DEBUG]: Writing flat file state: {:env=>"dev", :project_name=>"metgenc", :hostname=>"vmslushypiste.dev.int.nsidc.org", :vmname=>"collinsj-metgenc-dev-default", :domain=>"dev.int.nsidc.org", :ip=>"172.18.243.229", :uuid=>"42050168-1cbd-9a6d-b74b-9dfda7d570e7", :netmask=>"255.255.248.0", :gateway=>"172.18.240.1", :dns_search=>["dev.int.nsidc.org", "apps.int.nsidc.org", "labs.nsidc.org", "apps.nsidc.org", "nsidc.org", "colorado.edu"], :dns_servers=>["128.138.129.76", "128.138.240.1", "128.138.130.30"]} to /Users/collinsj/workspace/granule-metgen/.vagrant/machines/dev-collinsj/vsphere-nsidc/nsidc-machine.yaml
2025-06-25 14:37:15 -0600: [INFO]: Updating DNS database record for vmslushypiste.dev.int.nsidc.org with username 'collinsj', VM name 'collinsj-metgenc-dev-default', uuid '42050168-1cbd-9a6d-b74b-9dfda7d570e7', and template name 'noble64-nsidc-puppet8'.
2025-06-25 14:37:15 -0600: [INFO]: Your CNAME points from dev.metgenc.collinsj.dev.int.nsidc.org to vmslushypiste.dev.int.nsidc.org.
